[26/09/2016 20:41] /raid omrafir
[26/09/2016 20:41] /raid omrafir
[26/09/2016 20:42] /raid omrafir
[26/09/2016 20:44] /raid omrafir
[26/09/2016 20:46] /raid Furyosa
[26/09/2016 20:48] /raid Sir Valorcrest
[26/09/2016 20:49] /raid Zevelon Duskbringer
[26/09/2016 20:49] /raid Diblis The Fair
[26/09/2016 20:49] /raid Zushuka
[26/09/2016 20:50] /raid feroxa
[26/09/2016 20:51] /raid The Welter
[26/09/2016 20:54] /raid the welter
[26/09/2016 20:54] /raid gaz'haragoth
[26/09/2016 20:54] /raid gaz
[26/09/2016 20:56] /raid gaz
[26/09/2016 20:56] /raid gaz
[26/09/2016 22:52] /reload houses
[26/09/2016 22:52] /reload house
[27/09/2016 13:22] /raid feroxa
[27/09/2016 13:25] /raid feroxa
[27/09/2016 13:26] /raid professor
[27/09/2016 13:36] /raid orshabaal
[28/09/2016 08:49] /reload groups
[28/09/2016 08:49] /reload xml
[28/09/2016 08:49] /reload groups.xml
[28/09/2016 08:56] /reload config
[28/09/2016 08:56] /reload data
[28/09/2016 09:25] /reload talkactions
[28/09/2016 09:29] /reload talkactions
[28/09/2016 09:39] /reload clean
[28/09/2016 09:39] /reload talkactions
[28/09/2016 09:47] /reload commands
[28/09/2016 09:48] /reload
[28/09/2016 09:48] /reload commands
[28/09/2016 09:59] /reload commands
[28/09/2016 10:02] /reload all
[28/09/2016 10:04] /reload talkactions
[28/09/2016 10:07] /reload commands
[28/09/2016 10:08] /reload talkactions
[28/09/2016 10:10] /reload talkactions
[28/09/2016 10:13] /reload commands
[28/09/2016 10:13] /reload talkactions
[28/09/2016 10:14] /reload talkactions
[28/09/2016 10:14] /reload commands
[28/09/2016 10:29] /reload commands
[28/09/2016 10:48] /reload config
[28/09/2016 10:52] /reload config
[28/09/2016 14:16] /raid orcs
[28/09/2016 14:31] /raid OrcsThais
[28/09/2016 14:44] /raid bonebeast
[28/09/2016 16:50] /reload guilds
[29/09/2016 08:31] /raid orshabaal
[30/09/2016 12:42] /raid feroxa
